**********************
Início da transcrição do Windows PowerShell
Hora de início: 20251028153020
Nome de Usuário: DESKTOP-9S14CIM\MindFin
Executar como Usuário: DESKTOP-9S14CIM\MindFin
Nome da Configuração: 
Computador: DESKTOP-9S14CIM (Microsoft Windows NT 10.0.19045.0)
Aplicativo Host: C:\Windows\System32\WindowsPowerShell\v1.0\powershell.exe
ID do Processo: 7760
PSVersion: 5.1.19041.6456
PSEdition: Desktop
PSCompatibleVersions: 1.0, 2.0, 3.0, 4.0, 5.0, 5.1.19041.6456
BuildVersion: 10.0.19041.6456
CLRVersion: 4.0.30319.42000
WSManStackVersion: 3.0
PSRemotingProtocolVersion: 2.3
SerializationVersion: 1.1.0.1
**********************
[32mINFO[0m:     Will watch for changes in these directories: ['C:\\MIND_MVP_BUILD\\MIND_FIN_PRO\\backend']
[32mINFO[0m:     Uvicorn running on [1mhttp://127.0.0.1:53796[0m (Press CTRL+C to quit)
[32mINFO[0m:     Started reloader process [[36m[1m8760[0m] using [36m[1mWatchFiles[0m
Process SpawnProcess-1:
Traceback (most recent call last):
  File "C:\Program Files\Python311\Lib\multiprocessing\process.py", line 314, in _bootstrap
    self.run()
  File "C:\Program Files\Python311\Lib\multiprocessing\process.py", line 108, in run
    self._target(*self._args, **self._kwargs)
  File "C:\MIND_MVP_BUILD\MIND_FIN_PRO\backend\.venv\Lib\site-packages\uvicorn\_subprocess.py", line 80, in subprocess_started
    target(sockets=sockets)
  File "C:\MIND_MVP_BUILD\MIND_FIN_PRO\backend\.venv\Lib\site-packages\uvicorn\server.py", line 65, in run
    return asyncio.run(self.serve(sockets=sockets))
           ^^^^^^^^^^^^^^^^^^^^^^^^^^^^^^^^^^^^^^^^
  File "C:\Program Files\Python311\Lib\asyncio\runners.py", line 190, in run
    return runner.run(main)
           ^^^^^^^^^^^^^^^^
  File "C:\Program Files\Python311\Lib\asyncio\runners.py", line 118, in run
    return self._loop.run_until_complete(task)
           ^^^^^^^^^^^^^^^^^^^^^^^^^^^^^^^^^^^
  File "C:\Program Files\Python311\Lib\asyncio\base_events.py", line 654, in run_until_complete
    return future.result()
           ^^^^^^^^^^^^^^^
  File "C:\MIND_MVP_BUILD\MIND_FIN_PRO\backend\.venv\Lib\site-packages\uvicorn\server.py", line 69, in serve
    await self._serve(sockets)
  File "C:\MIND_MVP_BUILD\MIND_FIN_PRO\backend\.venv\Lib\site-packages\uvicorn\server.py", line 76, in _serve
    config.load()
  File "C:\MIND_MVP_BUILD\MIND_FIN_PRO\backend\.venv\Lib\site-packages\uvicorn\config.py", line 434, in load
    self.loaded_app = import_from_string(self.app)
                      ^^^^^^^^^^^^^^^^^^^^^^^^^^^^
  File "C:\MIND_MVP_BUILD\MIND_FIN_PRO\backend\.venv\Lib\site-packages\uvicorn\importer.py", line 22, in import_from_string
    raise exc from None
  File "C:\MIND_MVP_BUILD\MIND_FIN_PRO\backend\.venv\Lib\site-packages\uvicorn\importer.py", line 19, in import_from_string
    module = importlib.import_module(module_str)
             ^^^^^^^^^^^^^^^^^^^^^^^^^^^^^^^^^^^
  File "C:\Program Files\Python311\Lib\importlib\__init__.py", line 126, in import_module
    return _bootstrap._gcd_import(name[level:], package, level)
           ^^^^^^^^^^^^^^^^^^^^^^^^^^^^^^^^^^^^^^^^^^^^^^^^^^^^
  File "<frozen importlib._bootstrap>", line 1204, in _gcd_import
  File "<frozen importlib._bootstrap>", line 1176, in _find_and_load
  File "<frozen importlib._bootstrap>", line 1147, in _find_and_load_unlocked
  File "<frozen importlib._bootstrap>", line 690, in _load_unlocked
  File "<frozen importlib._bootstrap_external>", line 940, in exec_module
  File "<frozen importlib._bootstrap>", line 241, in _call_with_frames_removed
  File "C:\MIND_MVP_BUILD\MIND_FIN_PRO\backend\app\temp_app.py", line 104, in <module>
    from app.middleware.logging import LoggingMiddleware
  File "C:\MIND_MVP_BUILD\MIND_FIN_PRO\backend\app\middleware\logging.py", line 55, in <module>
    from app.middleware.idempotency import IdempotencyMiddleware
ModuleNotFoundError: No module named 'app.middleware.idempotency'
[32mINFO[0m:     Stopping reloader process [[36m[1m8760[0m]
PS>TerminatingError(): "O pipeline foi interrompido."
>> TerminatingError(): "O pipeline foi interrompido."
**********************
Fim da transcrição do Windows PowerShell
Hora de término: 20251028153037
**********************
